Arguments: 
  /usr/bin/node /usr/bin/yarn init

PATH: 
  /home/hassan/texlive/2019/bin/x86_64-linux:/home/hassan/texlive/2019/bin/x86_64-linux:/home/hassan/.local/bin:/home/hassan/bin:/usr/local/java/jdk-11.0.11/bin:/usr/lib64/ccache:/home/hassan/.cargo/bin:/usr/local/bin:/usr/local/sbin:/usr/bin:/usr/sbin:/var/lib/snapd/snap/bin:/home/hassan/.composer/vendor/bin:/home/hassan/bin:/usr/local/include/libff:/usr/local/lib/:/home/hassan/.local/bin/:/home/hassan/Tools/souffle/souffle_install/bin:/usr/local/include/libff:/usr/local/lib/:/home/hassan/.local/bin/:/home/hassan/Tools/souffle/souffle_install/bin

Yarn version: 
  1.22.17

Node version: 
  18.12.1

Platform: 
  linux x64

Trace: 
  Error: canceled
      at Interface.<anonymous> (/usr/lib/node_modules/yarn/node_modules/read/lib/read.js:66:13)
      at Interface.emit (node:events:513:28)
      at [_ttyWrite] [as _ttyWrite] (node:internal/readline/interface:1124:18)
      at ReadStream.onkeypress (node:internal/readline/interface:273:20)
      at ReadStream.emit (node:events:513:28)
      at emitKeys (node:internal/readline/utils:357:14)
      at emitKeys.next (<anonymous>)
      at ReadStream.onData (node:internal/readline/emitKeypressEvents:64:36)
      at ReadStream.emit (node:events:513:28)
      at addChunk (node:internal/streams/readable:324:12)

npm manifest: 
  No manifest

yarn manifest: 
  No manifest

Lockfile: 
  No lockfile
